[2019-02-23 15:09:16 $12939.0]	NOTICE	Server is reloading all workers now.
[2019-02-23 15:09:33 $12939.0]	WARNING	swManager_check_exit_status: worker#3 abnormal exit, status=255, signal=0
[2019-02-23 15:10:53 $12939.0]	NOTICE	Server is reloading all workers now.
[2019-02-23 15:14:03 *12987.3]	NOTICE	swFactoryProcess_finish (ERROR 1005): connection[fd=0] does not exists.
[2019-02-23 15:14:04 *12987.3]	NOTICE	swFactoryProcess_finish (ERROR 1005): connection[fd=0] does not exists.
[2019-02-23 15:14:05 *12987.3]	NOTICE	swFactoryProcess_finish (ERROR 1005): connection[fd=0] does not exists.
[2019-02-23 15:14:05 *12987.3]	NOTICE	swFactoryProcess_finish (ERROR 1005): connection[fd=0] does not exists.
[2019-02-23 15:14:05 *12987.3]	NOTICE	swFactoryProcess_finish (ERROR 1005): connection[fd=0] does not exists.
[2019-02-23 15:14:54 $12939.0]	NOTICE	Server is reloading all workers now.
[2019-02-23 15:15:27 $12939.0]	NOTICE	Server is reloading all workers now.
[2019-02-23 15:15:35 $12939.0]	NOTICE	Server is reloading all workers now.
[2019-02-23 15:44:35 $12939.0]	NOTICE	Server is reloading all workers now.
[2019-02-23 15:45:11 $12939.0]	NOTICE	Server is reloading all workers now.
[2019-02-23 15:45:19 $12939.0]	NOTICE	Server is reloading all workers now.
[2019-02-23 15:45:31 $12939.0]	NOTICE	Server is reloading all workers now.
[2019-02-23 15:45:34 $12939.0]	NOTICE	Server is reloading all workers now.
[2019-02-23 15:45:45 $12939.0]	NOTICE	Server is reloading all workers now.
[2019-02-23 15:45:53 $12939.0]	NOTICE	Server is reloading all workers now.
[2019-02-23 15:45:56 $12939.0]	NOTICE	Server is reloading all workers now.
[2019-02-23 15:46:17 $12939.0]	NOTICE	Server is reloading all workers now.
[2019-02-24 18:25:33 #25095.0]	WARNING	swProtocol_recv_check_length: package is too big, remote_addr=127.0.0.1:56509, length=1195725860.
[2019-02-24 18:25:33 *25099.0]	NOTICE	swFactoryProcess_finish (ERROR 1004): send 72 byte failed, because connection[fd=1] is closed.
[2019-02-24 18:25:33 #25095.1]	WARNING	swProtocol_recv_check_length: package is too big, remote_addr=127.0.0.1:56510, length=1195725860.
[2019-02-24 18:25:34 #25095.0]	WARNING	swProtocol_recv_check_length: package is too big, remote_addr=127.0.0.1:56514, length=1195725860.
[2019-02-24 18:25:39 #25095.1]	WARNING	swProtocol_recv_check_length: package is too big, remote_addr=127.0.0.1:56524, length=1195725860.
